2021-08-31 17:34:05,458 ERROR: Exception on /admin/hair/pattern/edit [GET] [/home/derek/Development/zara_consulting/apps/comececeme/venv/lib/python3.6/site-packages/flask/app.py:1892]
Traceback (most recent call last):
  File "/home/derek/Development/zara_consulting/apps/comececeme/venv/lib/python3.6/site-packages/flask/app.py", line 2447, in wsgi_app
    response = self.full_dispatch_request()
  File "/home/derek/Development/zara_consulting/apps/comececeme/venv/lib/python3.6/site-packages/flask/app.py", line 1952, in full_dispatch_request
    rv = self.handle_user_exception(e)
  File "/home/derek/Development/zara_consulting/apps/comececeme/venv/lib/python3.6/site-packages/flask/app.py", line 1821, in handle_user_exception
    reraise(exc_type, exc_value, tb)
  File "/home/derek/Development/zara_consulting/apps/comececeme/venv/lib/python3.6/site-packages/flask/_compat.py", line 39, in reraise
    raise value
  File "/home/derek/Development/zara_consulting/apps/comececeme/venv/lib/python3.6/site-packages/flask/app.py", line 1950, in full_dispatch_request
    rv = self.dispatch_request()
  File "/home/derek/Development/zara_consulting/apps/comececeme/venv/lib/python3.6/site-packages/flask/app.py", line 1936, in dispatch_request
    return self.view_functions[rule.endpoint](**req.view_args)
  File "/home/derek/Development/zara_consulting/apps/comececeme/app/blueprints/admin/routes.py", line 352, in edit_hair_pattern
    return render_template('admin/hair/patterns-edit.html', **context)
  File "/home/derek/Development/zara_consulting/apps/comececeme/venv/lib/python3.6/site-packages/flask/templating.py", line 140, in render_template
    ctx.app,
  File "/home/derek/Development/zara_consulting/apps/comececeme/venv/lib/python3.6/site-packages/flask/templating.py", line 120, in _render
    rv = template.render(context)
  File "/home/derek/Development/zara_consulting/apps/comececeme/venv/lib/python3.6/site-packages/jinja2/environment.py", line 1090, in render
    self.environment.handle_exception()
  File "/home/derek/Development/zara_consulting/apps/comececeme/venv/lib/python3.6/site-packages/jinja2/environment.py", line 832, in handle_exception
    reraise(*rewrite_traceback_stack(source=source))
  File "/home/derek/Development/zara_consulting/apps/comececeme/venv/lib/python3.6/site-packages/jinja2/_compat.py", line 28, in reraise
    raise value.with_traceback(tb)
  File "/home/derek/Development/zara_consulting/apps/comececeme/app/blueprints/admin/templates/admin/hair/patterns-edit.html", line 1, in top-level template code
    {% extends 'admin/layout.html' %}
  File "/home/derek/Development/zara_consulting/apps/comececeme/app/blueprints/admin/templates/admin/layout.html", line 36, in top-level template code
    {% block body %}{% endblock %}
  File "/home/derek/Development/zara_consulting/apps/comececeme/app/blueprints/admin/templates/admin/hair/patterns-edit.html", line 24, in block "body"
    {{ form.display_name(class="form-control", placeholder="Display Name", value=pattern.display_name) }}
jinja2.exceptions.UndefinedError: 'app.blueprints.admin.forms.AdminEditPatternForm object' has no attribute 'display_name'
2021-08-31 17:35:27,581 INFO: ComeCeCeMe startup [/home/derek/Development/zara_consulting/apps/comececeme/app/__init__.py:117]
2021-08-31 17:35:35,790 ERROR: Exception on /admin/hair/pattern/edit [GET] [/home/derek/Development/zara_consulting/apps/comececeme/venv/lib/python3.6/site-packages/flask/app.py:1892]
Traceback (most recent call last):
  File "/home/derek/Development/zara_consulting/apps/comececeme/venv/lib/python3.6/site-packages/flask/app.py", line 2447, in wsgi_app
    response = self.full_dispatch_request()
  File "/home/derek/Development/zara_consulting/apps/comececeme/venv/lib/python3.6/site-packages/flask/app.py", line 1952, in full_dispatch_request
    rv = self.handle_user_exception(e)
  File "/home/derek/Development/zara_consulting/apps/comececeme/venv/lib/python3.6/site-packages/flask/app.py", line 1821, in handle_user_exception
    reraise(exc_type, exc_value, tb)
  File "/home/derek/Development/zara_consulting/apps/comececeme/venv/lib/python3.6/site-packages/flask/_compat.py", line 39, in reraise
    raise value
  File "/home/derek/Development/zara_consulting/apps/comececeme/venv/lib/python3.6/site-packages/flask/app.py", line 1950, in full_dispatch_request
    rv = self.dispatch_request()
  File "/home/derek/Development/zara_consulting/apps/comececeme/venv/lib/python3.6/site-packages/flask/app.py", line 1936, in dispatch_request
    return self.view_functions[rule.endpoint](**req.view_args)
  File "/home/derek/Development/zara_consulting/apps/comececeme/app/blueprints/admin/routes.py", line 352, in edit_hair_pattern
    return render_template('admin/hair/patterns-edit.html', **context)
  File "/home/derek/Development/zara_consulting/apps/comececeme/venv/lib/python3.6/site-packages/flask/templating.py", line 140, in render_template
    ctx.app,
  File "/home/derek/Development/zara_consulting/apps/comececeme/venv/lib/python3.6/site-packages/flask/templating.py", line 120, in _render
    rv = template.render(context)
  File "/home/derek/Development/zara_consulting/apps/comececeme/venv/lib/python3.6/site-packages/jinja2/environment.py", line 1090, in render
    self.environment.handle_exception()
  File "/home/derek/Development/zara_consulting/apps/comececeme/venv/lib/python3.6/site-packages/jinja2/environment.py", line 832, in handle_exception
    reraise(*rewrite_traceback_stack(source=source))
  File "/home/derek/Development/zara_consulting/apps/comececeme/venv/lib/python3.6/site-packages/jinja2/_compat.py", line 28, in reraise
    raise value.with_traceback(tb)
  File "/home/derek/Development/zara_consulting/apps/comececeme/app/blueprints/admin/templates/admin/hair/patterns-edit.html", line 1, in top-level template code
    {% extends 'admin/layout.html' %}
  File "/home/derek/Development/zara_consulting/apps/comececeme/app/blueprints/admin/templates/admin/layout.html", line 36, in top-level template code
    {% block body %}{% endblock %}
  File "/home/derek/Development/zara_consulting/apps/comececeme/app/blueprints/admin/templates/admin/hair/patterns-edit.html", line 24, in block "body"
    <!-- {{ form.display_name(class="form-control", placeholder="Display Name", value=pattern.display_name) }} -->
jinja2.exceptions.UndefinedError: 'app.blueprints.admin.forms.AdminEditPatternForm object' has no attribute 'display_name'
2021-08-31 17:35:50,011 INFO: ComeCeCeMe startup [/home/derek/Development/zara_consulting/apps/comececeme/app/__init__.py:117]
2021-08-31 17:36:23,060 INFO: ComeCeCeMe startup [/home/derek/Development/zara_consulting/apps/comececeme/app/__init__.py:117]
2021-08-31 17:37:28,831 INFO: ComeCeCeMe startup [/home/derek/Development/zara_consulting/apps/comececeme/app/__init__.py:117]
2021-08-31 17:38:05,990 INFO: ComeCeCeMe startup [/home/derek/Development/zara_consulting/apps/comececeme/app/__init__.py:117]
2021-08-31 17:38:21,856 INFO: ComeCeCeMe startup [/home/derek/Development/zara_consulting/apps/comececeme/app/__init__.py:117]
2021-08-31 17:39:09,029 INFO: ComeCeCeMe startup [/home/derek/Development/zara_consulting/apps/comececeme/app/__init__.py:117]
2021-08-31 17:39:23,681 ERROR: Exception on /admin/hair/pattern/edit [POST] [/home/derek/Development/zara_consulting/apps/comececeme/venv/lib/python3.6/site-packages/flask/app.py:1892]
Traceback (most recent call last):
  File "/home/derek/Development/zara_consulting/apps/comececeme/venv/lib/python3.6/site-packages/flask/app.py", line 2447, in wsgi_app
    response = self.full_dispatch_request()
  File "/home/derek/Development/zara_consulting/apps/comececeme/venv/lib/python3.6/site-packages/flask/app.py", line 1952, in full_dispatch_request
    rv = self.handle_user_exception(e)
  File "/home/derek/Development/zara_consulting/apps/comececeme/venv/lib/python3.6/site-packages/flask/app.py", line 1821, in handle_user_exception
    reraise(exc_type, exc_value, tb)
  File "/home/derek/Development/zara_consulting/apps/comececeme/venv/lib/python3.6/site-packages/flask/_compat.py", line 39, in reraise
    raise value
  File "/home/derek/Development/zara_consulting/apps/comececeme/venv/lib/python3.6/site-packages/flask/app.py", line 1950, in full_dispatch_request
    rv = self.dispatch_request()
  File "/home/derek/Development/zara_consulting/apps/comececeme/venv/lib/python3.6/site-packages/flask/app.py", line 1936, in dispatch_request
    return self.view_functions[rule.endpoint](**req.view_args)
  File "/home/derek/Development/zara_consulting/apps/comececeme/app/blueprints/admin/routes.py", line 338, in edit_hair_pattern
    result = upload(file)
  File "/home/derek/Development/zara_consulting/apps/comececeme/venv/lib/python3.6/site-packages/cloudinary/uploader.py", line 46, in upload
    return call_cacheable_api("upload", params, file=file, **options)
  File "/home/derek/Development/zara_consulting/apps/comececeme/venv/lib/python3.6/site-packages/cloudinary/uploader.py", line 341, in call_cacheable_api
    result = call_api(action, params, http_headers, return_error, unsigned, file, timeout, **options)
  File "/home/derek/Development/zara_consulting/apps/comececeme/venv/lib/python3.6/site-packages/cloudinary/uploader.py", line 421, in call_api
    raise Error(result["error"]["message"])
cloudinary.exceptions.Error: Missing required parameter - file
2021-08-31 17:41:27,769 INFO: ComeCeCeMe startup [/home/derek/Development/zara_consulting/apps/comececeme/app/__init__.py:117]
2021-08-31 17:43:41,156 INFO: ComeCeCeMe startup [/home/derek/Development/zara_consulting/apps/comececeme/app/__init__.py:117]
